# JRE version: OpenJDK Runtime Environment Temurin-17.0.7+7 (17.0.7+7) (build 17.0.7+7)
# Java VM: OpenJDK 64-Bit Server VM Temurin-17.0.7+7 (17.0.7+7, mixed mode, emulated-client, tiered, compressed oops, compressed class ptrs, g1 gc, windows-amd64)
GC Precious Log:
 CPUs: 12 total, 12 available
 Memory: 7562M
 Large Page Support: Disabled
 NUMA Support: Disabled
 Compressed Oops: Enabled (32-bit)
 Heap Region Size: 1M
 Heap Min Capacity: 8M
 Heap Initial Capacity: 120M
 Heap Max Capacity: 1G
 Pre-touch: Disabled
 Parallel Workers: 10
 Concurrent Workers: 3
 Concurrent Refinement Workers: 10
 Periodic GC: Disabled
Heap:
 garbage-first heap   total 119808K, used 39211K [0x00000000c0000000, 0x0000000100000000)
  region size 1024K, 1 young (1024K), 0 survivors (0K)
 Metaspace       used 64911K, committed 65408K, reserved 1114112K
  class space    used 8887K, committed 9152K, reserved 1048576K
GC Heap History (20 events):
Event: 27231.633 GC heap before
{Heap before GC invocations=2240 (full 1996):
 garbage-first heap   total 119808K, used 39211K [0x00000000c0000000, 0x0000000100000000)
  region size 1024K, 1 young (1024K), 0 survivors (0K)
 Metaspace       used 64911K, committed 65408K, reserved 1114112K
  class space    used 8887K, committed 9152K, reserved 1048576K
}
Event: 27231.675 GC heap after
{Heap after GC invocations=2241 (full 1997):
 garbage-first heap   total 119808K, used 39211K [0x00000000c0000000, 0x0000000100000000)
  region size 1024K, 0 young (0K), 0 survivors (0K)
 Metaspace       used 64911K, committed 65408K, reserved 1114112K
  class space    used 8887K, committed 9152K, reserved 1048576K
}
Event: 27241.793 GC heap before
{Heap before GC invocations=2241 (full 1997):
 garbage-first heap   total 119808K, used 39211K [0x00000000c0000000, 0x0000000100000000)
  region size 1024K, 1 young (1024K), 0 survivors (0K)
 Metaspace       used 64911K, committed 65408K, reserved 1114112K
  class space    used 8887K, committed 9152K, reserved 1048576K
}
Event: 27241.831 GC heap after
{Heap after GC invocations=2242 (full 1998):
 garbage-first heap   total 119808K, used 39211K [0x00000000c0000000, 0x0000000100000000)
  region size 1024K, 0 young (0K), 0 survivors (0K)
 Metaspace       used 64911K, committed 65408K, reserved 1114112K
  class space    used 8887K, committed 9152K, reserved 1048576K
}
Event: 27251.961 GC heap before
{Heap before GC invocations=2242 (full 1998):
 garbage-first heap   total 119808K, used 39211K [0x00000000c0000000, 0x0000000100000000)
  region size 1024K, 1 young (1024K), 0 survivors (0K)
 Metaspace       used 64911K, committed 65408K, reserved 1114112K
  class space    used 8887K, committed 9152K, reserved 1048576K
}
Event: 27252.007 GC heap after
{Heap after GC invocations=2243 (full 1999):
 garbage-first heap   total 119808K, used 39211K [0x00000000c0000000, 0x0000000100000000)
  region size 1024K, 0 young (0K), 0 survivors (0K)
 Metaspace       used 64911K, committed 65408K, reserved 1114112K
  class space    used 8887K, committed 9152K, reserved 1048576K
}
Event: 27262.157 GC heap before
{Heap before GC invocations=2243 (full 1999):
 garbage-first heap   total 119808K, used 39211K [0x00000000c0000000, 0x0000000100000000)
  region size 1024K, 1 young (1024K), 0 survivors (0K)
 Metaspace       used 64911K, committed 65408K, reserved 1114112K
  class space    used 8887K, committed 9152K, reserved 1048576K
}
Event: 27262.203 GC heap after
{Heap after GC invocations=2244 (full 2000):
 garbage-first heap   total 119808K, used 39211K [0x00000000c0000000, 0x0000000100000000)
  region size 1024K, 0 young (0K), 0 survivors (0K)
 Metaspace       used 64911K, committed 65408K, reserved 1114112K
  class space    used 8887K, committed 9152K, reserved 1048576K
}
Event: 27272.330 GC heap before
{Heap before GC invocations=2244 (full 2000):
 garbage-first heap   total 119808K, used 39211K [0x00000000c0000000, 0x0000000100000000)
  region size 1024K, 1 young (1024K), 0 survivors (0K)
 Metaspace       used 64911K, committed 65408K, reserved 1114112K
  class space    used 8887K, committed 9152K, reserved 1048576K
}
Event: 27272.374 GC heap after
{Heap after GC invocations=2245 (full 2001):
 garbage-first heap   total 119808K, used 39211K [0x00000000c0000000, 0x0000000100000000)
  region size 1024K, 0 young (0K), 0 survivors (0K)
 Metaspace       used 64911K, committed 65408K, reserved 1114112K
  class space    used 8887K, committed 9152K, reserved 1048576K
}
Event: 27282.499 GC heap before
{Heap before GC invocations=2245 (full 2001):
 garbage-first heap   total 119808K, used 39211K [0x00000000c0000000, 0x0000000100000000)
  region size 1024K, 1 young (1024K), 0 survivors (0K)
 Metaspace       used 64911K, committed 65408K, reserved 1114112K
  class space    used 8887K, committed 9152K, reserved 1048576K
}
Event: 27282.536 GC heap after
{Heap after GC invocations=2246 (full 2002):
 garbage-first heap   total 119808K, used 39211K [0x00000000c0000000, 0x0000000100000000)
  region size 1024K, 0 young (0K), 0 survivors (0K)
 Metaspace       used 64911K, committed 65408K, reserved 1114112K
  class space    used 8887K, committed 9152K, reserved 1048576K
}
Event: 27292.677 GC heap before
{Heap before GC invocations=2246 (full 2002):
 garbage-first heap   total 119808K, used 39211K [0x00000000c0000000, 0x0000000100000000)
  region size 1024K, 1 young (1024K), 0 survivors (0K)
 Metaspace       used 64911K, committed 65408K, reserved 1114112K
  class space    used 8887K, committed 9152K, reserved 1048576K
}
Event: 27292.720 GC heap after
{Heap after GC invocations=2247 (full 2003):
 garbage-first heap   total 119808K, used 39211K [0x00000000c0000000, 0x0000000100000000)
  region size 1024K, 0 young (0K), 0 survivors (0K)
 Metaspace       used 64911K, committed 65408K, reserved 1114112K
  class space    used 8887K, committed 9152K, reserved 1048576K
}
Event: 27302.838 GC heap before
{Heap before GC invocations=2247 (full 2003):
 garbage-first heap   total 119808K, used 39211K [0x00000000c0000000, 0x0000000100000000)
  region size 1024K, 1 young (1024K), 0 survivors (0K)
 Metaspace       used 64911K, committed 65408K, reserved 1114112K
  class space    used 8887K, committed 9152K, reserved 1048576K
}
Event: 27302.877 GC heap after
{Heap after GC invocations=2248 (full 2004):
 garbage-first heap   total 119808K, used 39211K [0x00000000c0000000, 0x0000000100000000)
  region size 1024K, 0 young (0K), 0 survivors (0K)
 Metaspace       used 64911K, committed 65408K, reserved 1114112K
  class space    used 8887K, committed 9152K, reserved 1048576K
}
Event: 27313.162 GC heap before
{Heap before GC invocations=2248 (full 2004):
 garbage-first heap   total 119808K, used 39211K [0x00000000c0000000, 0x0000000100000000)
  region size 1024K, 1 young (1024K), 0 survivors (0K)
 Metaspace       used 64911K, committed 65408K, reserved 1114112K
  class space    used 8887K, committed 9152K, reserved 1048576K
}
Event: 27313.205 GC heap after
{Heap after GC invocations=2249 (full 2005):
 garbage-first heap   total 119808K, used 39211K [0x00000000c0000000, 0x0000000100000000)
  region size 1024K, 0 young (0K), 0 survivors (0K)
 Metaspace       used 64911K, committed 65408K, reserved 1114112K
  class space    used 8887K, committed 9152K, reserved 1048576K
}
Event: 27323.334 GC heap before
{Heap before GC invocations=2249 (full 2005):
 garbage-first heap   total 119808K, used 39211K [0x00000000c0000000, 0x0000000100000000)
  region size 1024K, 1 young (1024K), 0 survivors (0K)
 Metaspace       used 64911K, committed 65408K, reserved 1114112K
  class space    used 8887K, committed 9152K, reserved 1048576K
}
Event: 27323.380 GC heap after
{Heap after GC invocations=2250 (full 2006):
 garbage-first heap   total 119808K, used 39211K [0x00000000c0000000, 0x0000000100000000)
  region size 1024K, 0 young (0K), 0 survivors (0K)
 Metaspace       used 64911K, committed 65408K, reserved 1114112K
  class space    used 8887K, committed 9152K, reserved 1048576K
}

